<?xml version="1.0" encoding="UTF-8"?>
<!-- Generated by org.testng.reporters.JUnitReportReporter -->
<testsuite hostname="Yogeshs-MacBook-Air.local" failures="0" tests="4" name="com.july.tests.RSPracticeTest" time="9.836" errors="0" timestamp="2022-07-09T15:40:38 IST" skipped="3">
  <testcase classname="com.july.tests.RSPracticeTest" name="dropDownSugg" time="9.836"/>
  <system-out/>
  <testcase classname="com.july.tests.RSPracticeTest" name="radioBtnCheck">
    <skipped/>
  </testcase> <!-- radioBtnCheck -->
  <system-out/>
  <testcase classname="com.july.tests.RSPracticeTest" name="staticDropDown">
    <skipped/>
  </testcase> <!-- staticDropDown -->
  <system-out/>
  <testcase classname="com.july.tests.RSPracticeTest" name="RSAPracticePage">
    <skipped/>
  </testcase> <!-- RSAPracticePage -->
  <system-out/>
</testsuite> <!-- com.july.tests.RSPracticeTest -->
