<?xml version="1.0" encoding="UTF-8"?>
<!-- Generated by org.testng.reporters.JUnitReportReporter -->
<testsuite hostname="Yogeshs-MacBook-Air.local" failures="0" tests="1" name="com.july.tests.Test2" time="7.346" errors="0" timestamp="2022-07-05T20:39:46 IST" skipped="0">
  <testcase classname="com.july.tests.Test2" name="dropDownSugg" time="7.346"/>
  <system-out/>
</testsuite> <!-- com.july.tests.Test2 -->
